# JRE version: OpenJDK Runtime Environment (17.0.6) (build 17.0.6+0-b2043.56-10027231)
# Java VM: OpenJDK 64-Bit Server VM (17.0.6+0-b2043.56-10027231, mixed mode, tiered, compressed oops, compressed class ptrs, g1 gc, windows-amd64)
GC Precious Log:
 CPUs: 8 total, 8 available
 Memory: 12100M
 Large Page Support: Disabled
 NUMA Support: Disabled
 Compressed Oops: Enabled (32-bit)
 Heap Region Size: 1M
 Heap Min Capacity: 8M
 Heap Initial Capacity: 190M
 Heap Max Capacity: 2G
 Pre-touch: Disabled
 Parallel Workers: 8
 Concurrent Workers: 2
 Concurrent Refinement Workers: 8
 Periodic GC: Disabled
Heap:
 garbage-first heap   total 261120K, used 109989K [0x0000000080000000, 0x0000000100000000)
  region size 1024K, 21 young (21504K), 8 survivors (8192K)
 Metaspace       used 133842K, committed 134848K, reserved 1171456K
  class space    used 18040K, committed 18560K, reserved 1048576K
GC Heap History (20 events):
Event: 741.296 GC heap before
{Heap before GC invocations=44 (full 0):
 garbage-first heap   total 227328K, used 183656K [0x0000000080000000, 0x0000000100000000)
  region size 1024K, 66 young (67584K), 1 survivors (1024K)
 Metaspace       used 131535K, committed 132352K, reserved 1171456K
  class space    used 17881K, committed 18304K, reserved 1048576K
}
Event: 741.305 GC heap after
{Heap after GC invocations=45 (full 0):
 garbage-first heap   total 227328K, used 124629K [0x0000000080000000, 0x0000000100000000)
  region size 1024K, 8 young (8192K), 8 survivors (8192K)
 Metaspace       used 131535K, committed 132352K, reserved 1171456K
  class space    used 17881K, committed 18304K, reserved 1048576K
}
Event: 744.640 GC heap before
{Heap before GC invocations=45 (full 0):
 garbage-first heap   total 227328K, used 168661K [0x0000000080000000, 0x0000000100000000)
  region size 1024K, 53 young (54272K), 8 survivors (8192K)
 Metaspace       used 132665K, committed 133504K, reserved 1171456K
  class space    used 18027K, committed 18432K, reserved 1048576K
}
Event: 744.650 GC heap after
{Heap after GC invocations=46 (full 0):
 garbage-first heap   total 227328K, used 128344K [0x0000000080000000, 0x0000000100000000)
  region size 1024K, 4 young (4096K), 4 survivors (4096K)
 Metaspace       used 132665K, committed 133504K, reserved 1171456K
  class space    used 18027K, committed 18432K, reserved 1048576K
}
Event: 786.582 GC heap before
{Heap before GC invocations=47 (full 0):
 garbage-first heap   total 245760K, used 196952K [0x0000000080000000, 0x0000000100000000)
  region size 1024K, 60 young (61440K), 4 survivors (4096K)
 Metaspace       used 132950K, committed 133824K, reserved 1171456K
  class space    used 18044K, committed 18496K, reserved 1048576K
}
Event: 786.594 GC heap after
{Heap after GC invocations=48 (full 0):
 garbage-first heap   total 245760K, used 133155K [0x0000000080000000, 0x0000000100000000)
  region size 1024K, 8 young (8192K), 8 survivors (8192K)
 Metaspace       used 132950K, committed 133824K, reserved 1171456K
  class space    used 18044K, committed 18496K, reserved 1048576K
}
Event: 786.675 GC heap before
{Heap before GC invocations=48 (full 0):
 garbage-first heap   total 245760K, used 137251K [0x0000000080000000, 0x0000000100000000)
  region size 1024K, 12 young (12288K), 8 survivors (8192K)
 Metaspace       used 133027K, committed 133888K, reserved 1171456K
  class space    used 18050K, committed 18496K, reserved 1048576K
}
Event: 786.688 GC heap after
{Heap after GC invocations=49 (full 0):
 garbage-first heap   total 245760K, used 134064K [0x0000000080000000, 0x0000000100000000)
  region size 1024K, 2 young (2048K), 2 survivors (2048K)
 Metaspace       used 133027K, committed 133888K, reserved 1171456K
  class space    used 18050K, committed 18496K, reserved 1048576K
}
Event: 789.002 GC heap before
{Heap before GC invocations=49 (full 0):
 garbage-first heap   total 245760K, used 175024K [0x0000000080000000, 0x0000000100000000)
  region size 1024K, 44 young (45056K), 2 survivors (2048K)
 Metaspace       used 133354K, committed 134272K, reserved 1171456K
  class space    used 18068K, committed 18496K, reserved 1048576K
}
Event: 789.007 GC heap after
{Heap after GC invocations=50 (full 0):
 garbage-first heap   total 245760K, used 136819K [0x0000000080000000, 0x0000000100000000)
  region size 1024K, 5 young (5120K), 5 survivors (5120K)
 Metaspace       used 133354K, committed 134272K, reserved 1171456K
  class space    used 18068K, committed 18496K, reserved 1048576K
}
Event: 3728.607 GC heap before
{Heap before GC invocations=51 (full 0):
 garbage-first heap   total 261120K, used 211571K [0x0000000080000000, 0x0000000100000000)
  region size 1024K, 67 young (68608K), 5 survivors (5120K)
 Metaspace       used 133525K, committed 134400K, reserved 1171456K
  class space    used 18068K, committed 18496K, reserved 1048576K
}
Event: 3728.612 GC heap after
{Heap after GC invocations=52 (full 0):
 garbage-first heap   total 261120K, used 135804K [0x0000000080000000, 0x0000000100000000)
  region size 1024K, 4 young (4096K), 4 survivors (4096K)
 Metaspace       used 133525K, committed 134400K, reserved 1171456K
  class space    used 18068K, committed 18496K, reserved 1048576K
}
Event: 4141.605 GC heap before
{Heap before GC invocations=52 (full 0):
 garbage-first heap   total 261120K, used 143996K [0x0000000080000000, 0x0000000100000000)
  region size 1024K, 12 young (12288K), 4 survivors (4096K)
 Metaspace       used 133529K, committed 134400K, reserved 1171456K
  class space    used 18068K, committed 18496K, reserved 1048576K
}
Event: 4141.620 GC heap after
{Heap after GC invocations=53 (full 0):
 garbage-first heap   total 261120K, used 126991K [0x0000000080000000, 0x0000000100000000)
  region size 1024K, 1 young (1024K), 1 survivors (1024K)
 Metaspace       used 133529K, committed 134400K, reserved 1171456K
  class space    used 18068K, committed 18496K, reserved 1048576K
}
Event: 4389.316 GC heap before
{Heap before GC invocations=53 (full 0):
 garbage-first heap   total 261120K, used 131087K [0x0000000080000000, 0x0000000100000000)
  region size 1024K, 6 young (6144K), 1 survivors (1024K)
 Metaspace       used 133530K, committed 134400K, reserved 1171456K
  class space    used 18068K, committed 18496K, reserved 1048576K
}
Event: 4389.441 GC heap after
{Heap after GC invocations=54 (full 1):
 garbage-first heap   total 261120K, used 79796K [0x0000000080000000, 0x0000000100000000)
  region size 1024K, 0 young (0K), 0 survivors (0K)
 Metaspace       used 132587K, committed 134400K, reserved 1171456K
  class space    used 17878K, committed 18496K, reserved 1048576K
}
Event: 5029.860 GC heap before
{Heap before GC invocations=54 (full 1):
 garbage-first heap   total 261120K, used 206772K [0x0000000080000000, 0x0000000100000000)
  region size 1024K, 124 young (126976K), 0 survivors (0K)
 Metaspace       used 133333K, committed 134656K, reserved 1171456K
  class space    used 17983K, committed 18560K, reserved 1048576K
}
Event: 5029.874 GC heap after
{Heap after GC invocations=55 (full 1):
 garbage-first heap   total 261120K, used 90206K [0x0000000080000000, 0x0000000100000000)
  region size 1024K, 11 young (11264K), 11 survivors (11264K)
 Metaspace       used 133333K, committed 134656K, reserved 1171456K
  class space    used 17983K, committed 18560K, reserved 1048576K
}
Event: 5030.970 GC heap before
{Heap before GC invocations=56 (full 1):
 garbage-first heap   total 261120K, used 198750K [0x0000000080000000, 0x0000000100000000)
  region size 1024K, 118 young (120832K), 11 survivors (11264K)
 Metaspace       used 133634K, committed 134656K, reserved 1171456K
  class space    used 18020K, committed 18560K, reserved 1048576K
}
Event: 5030.988 GC heap after
{Heap after GC invocations=57 (full 1):
 garbage-first heap   total 261120K, used 97701K [0x0000000080000000, 0x0000000100000000)
  region size 1024K, 8 young (8192K), 8 survivors (8192K)
 Metaspace       used 133634K, committed 134656K, reserved 1171456K
  class space    used 18020K, committed 18560K, reserved 1048576K
}

